yarn run v1.22.21
warning ..\..\..\package.json: No license field
$ storybook build --output-dir C:\Users\cecorrei\AppData\Local\Temp\chromatic--16168-I0TajhWe4Rmx
@storybook/cli v7.6.10

info => Cleaning outputDir: C:\Users\cecorrei\AppData\Local\Temp\chromatic--16168-I0TajhWe4Rmx
(node:29396) [DEP0040] DeprecationWarning: The `punycode` module is deprecated. Please use a userland alternative instead.
(Use `node --trace-deprecation ...` to show where the warning was created)
info => Loading presets
info => Building manager..
info => Manager built (370 ms)
info => Building preview..
info => Copying static files: C:\Users\cecorrei\code\storybooks\poc-design-system\node_modules\@storybook\manager\static at C:\Users\cecorrei\AppData\Local\Temp\chromatic--16168-I0TajhWe4Rmx\sb-common-assets
[33mThe CJS build of Vite's Node API is deprecated. See https://vitejs.dev/guide/troubleshooting.html#vite-cjs-node-api-deprecated for more details.[39m
[addon-coverage] Adding istanbul plugin to Vite config
[36mvite v5.0.12 [32mbuilding for production...[36m[39m

./sb-common-assets/fonts.css doesn't exist at build time, it will remain unchanged to be resolved at runtime
transforming...
node_modules/telejson/dist/index.mjs (1413:15) Use of eval in "node_modules/telejson/dist/index.mjs" is strongly discouraged as it poses security risks and may cause issues with minification.
node_modules/telejson/dist/index.mjs (1416:18) Use of eval in "node_modules/telejson/dist/index.mjs" is strongly discouraged as it poses security risks and may cause issues with minification.
[32m✓[39m 637 modules transformed.
rendering chunks...
computing gzip size...
[2m../../../AppData/Local/Temp/chromatic--16168-I0TajhWe4Rmx/[22m[32massets/context-tKiKnkuP.png                                                 [39m[1m[2m  6.12 kB[22m[1m[22m
[2m../../../AppData/Local/Temp/chromatic--16168-I0TajhWe4Rmx/[22m[32massets/styling-ZOs40c1G.png                                                 [39m[1m[2m  7.24 kB[22m[1m[22m
[2m../../../AppData/Local/Temp/chromatic--16168-I0TajhWe4Rmx/[22m[32miframe.html                                                                 [39m[1m[2m 12.79 kB[22m[1m[22m[2m │ gzip:   3.59 kB[22m
[2m../../../AppData/Local/Temp/chromatic--16168-I0TajhWe4Rmx/[22m[32massets/docs-Pvr7BWzI.png                                                    [39m[1m[2m 27.88 kB[22m[1m[22m
[2m../../../AppData/Local/Temp/chromatic--16168-I0TajhWe4Rmx/[22m[32massets/share-xgPlHEHy.png                                                   [39m[1m[2m 40.77 kB[22m[1m[22m
[2m../../../AppData/Local/Temp/chromatic--16168-I0TajhWe4Rmx/[22m[32massets/accessibility-Fv4dmnDm.png                                           [39m[1m[2m 42.34 kB[22m[1m[22m
[2m../../../AppData/Local/Temp/chromatic--16168-I0TajhWe4Rmx/[22m[32massets/figma-plugin-h9oRC4jr.png                                            [39m[1m[2m 44.25 kB[22m[1m[22m
[2m../../../AppData/Local/Temp/chromatic--16168-I0TajhWe4Rmx/[22m[32massets/theming--liSzaFj.png                                                 [39m[1m[2m 44.37 kB[22m[1m[22m
[2m../../../AppData/Local/Temp/chromatic--16168-I0TajhWe4Rmx/[22m[32massets/testing-HG80fZfa.png                                                 [39m[1m[2m 49.31 kB[22m[1m[22m
[2m../../../AppData/Local/Temp/chromatic--16168-I0TajhWe4Rmx/[22m[32massets/addon-library-VlAgJsjc.png                                           [39m[1m[2m467.37 kB[22m[1m[22m
[2m../../../AppData/Local/Temp/chromatic--16168-I0TajhWe4Rmx/[22m[35massets/Header-Yyx952jD.css                                                  [39m[1m[2m  0.51 kB[22m[1m[22m[2m │ gzip:   0.30 kB[22m
[2m../../../AppData/Local/Temp/chromatic--16168-I0TajhWe4Rmx/[22m[35massets/Button-ApS6Pytl.css                                                  [39m[1m[2m  0.52 kB[22m[1m[22m[2m │ gzip:   0.29 kB[22m
[2m../../../AppData/Local/Temp/chromatic--16168-I0TajhWe4Rmx/[22m[35massets/Page-fZ7a-HXz.css                                                    [39m[1m[2m  0.93 kB[22m[1m[22m[2m │ gzip:   0.40 kB[22m
[2m../../../AppData/Local/Temp/chromatic--16168-I0TajhWe4Rmx/[22m[36massets/emotion-use-insertion-effect-with-fallbacks.browser.esm-Lyw-DGTv.js  [39m[1m[2m  0.27 kB[22m[1m[22m[2m │ gzip:   0.22 kB[22m[2m │ map:     1.13 kB[22m
[2m../../../AppData/Local/Temp/chromatic--16168-I0TajhWe4Rmx/[22m[36massets/extends-dGVwEr9R.js                                                  [39m[1m[2m  0.29 kB[22m[1m[22m[2m │ gzip:   0.23 kB[22m[2m │ map:     0.99 kB[22m
[2m../../../AppData/Local/Temp/chromatic--16168-I0TajhWe4Rmx/[22m[36massets/WithTooltip-V3YHNWJZ-TND3MoXJ.js                                     [39m[1m[2m  0.57 kB[22m[1m[22m[2m │ gzip:   0.34 kB[22m[2m │ map:     0.11 kB[22m
[2m../../../AppData/Local/Temp/chromatic--16168-I0TajhWe4Rmx/[22m[36massets/syntaxhighlighter-V7JZZA35-b71BkFlA.js                               [39m[1m[2m  0.58 kB[22m[1m[22m[2m │ gzip:   0.36 kB[22m[2m │ map:     0.12 kB[22m
[2m../../../AppData/Local/Temp/chromatic--16168-I0TajhWe4Rmx/[22m[36massets/react-18-ba7OOUbL.js                                                 [39m[1m[2m  0.59 kB[22m[1m[22m[2m │ gzip:   0.38 kB[22m[2m │ map:     2.57 kB[22m
[2m../../../AppData/Local/Temp/chromatic--16168-I0TajhWe4Rmx/[22m[36massets/index-_VGcpBFS.js                                                    [39m[1m[2m  0.62 kB[22m[1m[22m[2m │ gzip:   0.39 kB[22m[2m │ map:     4.27 kB[22m
[2m../../../AppData/Local/Temp/chromatic--16168-I0TajhWe4Rmx/[22m[36massets/preview-VI2eoWmp.js                                                  [39m[1m[2m  0.68 kB[22m[1m[22m[2m │ gzip:   0.48 kB[22m[2m │ map:     2.17 kB[22m
[2m../../../AppData/Local/Temp/chromatic--16168-I0TajhWe4Rmx/[22m[36massets/_commonjsHelpers-4gQjN7DL.js                                         [39m[1m[2m  0.75 kB[22m[1m[22m[2m │ gzip:   0.43 kB[22m[2m │ map:     0.11 kB[22m
[2m../../../AppData/Local/Temp/chromatic--16168-I0TajhWe4Rmx/[22m[36massets/index-PPLHz8o0.js                                                    [39m[1m[2m  0.81 kB[22m[1m[22m[2m │ gzip:   0.51 kB[22m[2m │ map:     3.25 kB[22m
[2m../../../AppData/Local/Temp/chromatic--16168-I0TajhWe4Rmx/[22m[36massets/index-tvtfaFq4.js                                                    [39m[1m[2m  0.84 kB[22m[1m[22m[2m │ gzip:   0.55 kB[22m[2m │ map:     4.07 kB[22m
[2m../../../AppData/Local/Temp/chromatic--16168-I0TajhWe4Rmx/[22m[36massets/preview-OJPSjoWu.js                                                  [39m[1m[2m  0.89 kB[22m[1m[22m[2m │ gzip:   0.53 kB[22m[2m │ map:     0.52 kB[22m
[2m../../../AppData/Local/Temp/chromatic--16168-I0TajhWe4Rmx/[22m[36massets/preview-bEa2SesL.js                                                  [39m[1m[2m  0.90 kB[22m[1m[22m[2m │ gzip:   0.59 kB[22m[2m │ map:     2.68 kB[22m
[2m../../../AppData/Local/Temp/chromatic--16168-I0TajhWe4Rmx/[22m[36massets/jsx-runtime-vNq4Oc-g.js                                              [39m[1m[2m  0.97 kB[22m[1m[22m[2m │ gzip:   0.61 kB[22m[2m │ map:     2.28 kB[22m
[2m../../../AppData/Local/Temp/chromatic--16168-I0TajhWe4Rmx/[22m[36massets/Header.stories-UQNr_Dkt.js                                           [39m[1m[2m  1.06 kB[22m[1m[22m[2m │ gzip:   0.55 kB[22m[2m │ map:     0.11 kB[22m
[2m../../../AppData/Local/Temp/chromatic--16168-I0TajhWe4Rmx/[22m[36massets/entry-preview-OIOrqgri.js                                            [39m[1m[2m  1.20 kB[22m[1m[22m[2m │ gzip:   0.71 kB[22m[2m │ map:     3.28 kB[22m
[2m../../../AppData/Local/Temp/chromatic--16168-I0TajhWe4Rmx/[22m[36massets/preview-rIrKf92f.js                                                  [39m[1m[2m  1.29 kB[22m[1m[22m[2m │ gzip:   0.79 kB[22m[2m │ map:     3.08 kB[22m
[2m../../../AppData/Local/Temp/chromatic--16168-I0TajhWe4Rmx/[22m[36massets/Intro-24GFIB98.js                                                    [39m[1m[2m  1.60 kB[22m[1m[22m[2m │ gzip:   0.78 kB[22m[2m │ map:     1.63 kB[22m
[2m../../../AppData/Local/Temp/chromatic--16168-I0TajhWe4Rmx/[22m[36massets/DocsRenderer-NNNQARDV-5b9Jzh6b.js                                    [39m[1m[2m  1.63 kB[22m[1m[22m[2m │ gzip:   0.87 kB[22m[2m │ map:     2.64 kB[22m
[2m../../../AppData/Local/Temp/chromatic--16168-I0TajhWe4Rmx/[22m[36massets/Button.stories-jTra6WHn.js                                           [39m[1m[2m  1.71 kB[22m[1m[22m[2m │ gzip:   0.68 kB[22m[2m │ map:     0.13 kB[22m
[2m../../../AppData/Local/Temp/chromatic--16168-I0TajhWe4Rmx/[22m[36massets/Intro.stories-ZMnj5LUe.js                                            [39m[1m[2m  1.90 kB[22m[1m[22m[2m │ gzip:   0.93 kB[22m[2m │ map:     1.98 kB[22m
[2m../../../AppData/Local/Temp/chromatic--16168-I0TajhWe4Rmx/[22m[36massets/Avatar-P_eBYSt5.js                                                   [39m[1m[2m  2.20 kB[22m[1m[22m[2m │ gzip:   1.00 kB[22m[2m │ map:     3.51 kB[22m
[2m../../../AppData/Local/Temp/chromatic--16168-I0TajhWe4Rmx/[22m[36massets/preview-98732p1V.js                                                  [39m[1m[2m  2.57 kB[22m[1m[22m[2m │ gzip:   1.33 kB[22m[2m │ map:     7.65 kB[22m
[2m../../../AppData/Local/Temp/chromatic--16168-I0TajhWe4Rmx/[22m[36massets/index-ogXoivrg.js                                                    [39m[1m[2m  2.63 kB[22m[1m[22m[2m │ gzip:   1.30 kB[22m[2m │ map:     7.46 kB[22m
[2m../../../AppData/Local/Temp/chromatic--16168-I0TajhWe4Rmx/[22m[36massets/preview-errors-7FWlPnjy.js                                           [39m[1m[2m  2.86 kB[22m[1m[22m[2m │ gzip:   1.35 kB[22m[2m │ map:    10.06 kB[22m
[2m../../../AppData/Local/Temp/chromatic--16168-I0TajhWe4Rmx/[22m[36massets/preview-FekBEZxm.js                                                  [39m[1m[2m  3.24 kB[22m[1m[22m[2m │ gzip:   1.41 kB[22m[2m │ map:     9.76 kB[22m
[2m../../../AppData/Local/Temp/chromatic--16168-I0TajhWe4Rmx/[22m[36massets/Icon.stories-tiGrdM57.js                                             [39m[1m[2m  3.29 kB[22m[1m[22m[2m │ gzip:   1.31 kB[22m[2m │ map:     0.14 kB[22m
[2m../../../AppData/Local/Temp/chromatic--16168-I0TajhWe4Rmx/[22m[36massets/animation-oEoitdv6.js                                                [39m[1m[2m  3.56 kB[22m[1m[22m[2m │ gzip:   1.33 kB[22m[2m │ map:     4.51 kB[22m
[2m../../../AppData/Local/Temp/chromatic--16168-I0TajhWe4Rmx/[22m[36massets/Button-jAtRCfmG.js                                                   [39m[1m[2m  4.14 kB[22m[1m[22m[2m │ gzip:   1.63 kB[22m[2m │ map:     4.34 kB[22m
[2m../../../AppData/Local/Temp/chromatic--16168-I0TajhWe4Rmx/[22m[36massets/preview--VFbX1J-.js                                                  [39m[1m[2m  4.23 kB[22m[1m[22m[2m │ gzip:   1.92 kB[22m[2m │ map:     3.45 kB[22m
[2m../../../AppData/Local/Temp/chromatic--16168-I0TajhWe4Rmx/[22m[36massets/Header-JGe3EIcM.js                                                   [39m[1m[2m  4.34 kB[22m[1m[22m[2m │ gzip:   1.78 kB[22m[2m │ map:     4.89 kB[22m
[2m../../../AppData/Local/Temp/chromatic--16168-I0TajhWe4Rmx/[22m[36massets/styles-mnOxuaSj.js                                                   [39m[1m[2m  5.87 kB[22m[1m[22m[2m │ gzip:   2.49 kB[22m[2m │ map:    22.00 kB[22m
[2m../../../AppData/Local/Temp/chromatic--16168-I0TajhWe4Rmx/[22m[36massets/index-2RcuUHS1.js                                                    [39m[1m[2m  6.41 kB[22m[1m[22m[2m │ gzip:   2.43 kB[22m[2m │ map:    10.29 kB[22m
[2m../../../AppData/Local/Temp/chromatic--16168-I0TajhWe4Rmx/[22m[36massets/Page.stories-f3pdkvdP.js                                             [39m[1m[2m  6.67 kB[22m[1m[22m[2m │ gzip:   2.63 kB[22m[2m │ map:     6.20 kB[22m
[2m../../../AppData/Local/Temp/chromatic--16168-I0TajhWe4Rmx/[22m[36massets/iframe-WCOnw019.js                                                   [39m[1m[2m  6.72 kB[22m[1m[22m[2m │ gzip:   2.37 kB[22m[2m │ map:     7.49 kB[22m
[2m../../../AppData/Local/Temp/chromatic--16168-I0TajhWe4Rmx/[22m[36massets/index-4g5l5LRQ.js                                                    [39m[1m[2m  7.21 kB[22m[1m[22m[2m │ gzip:   2.95 kB[22m[2m │ map:    15.70 kB[22m
[2m../../../AppData/Local/Temp/chromatic--16168-I0TajhWe4Rmx/[22m[36massets/preview-u8M_OEO2.js                                                  [39m[1m[2m  7.66 kB[22m[1m[22m[2m │ gzip:   1.59 kB[22m[2m │ map:    13.96 kB[22m
[2m../../../AppData/Local/Temp/chromatic--16168-I0TajhWe4Rmx/[22m[36massets/preview-TkXSQy1x.js                                                  [39m[1m[2m  8.16 kB[22m[1m[22m[2m │ gzip:   3.13 kB[22m[2m │ map:    28.94 kB[22m
[2m../../../AppData/Local/Temp/chromatic--16168-I0TajhWe4Rmx/[22m[36massets/polished.esm-RrQKjaE2.js                                             [39m[1m[2m 10.64 kB[22m[1m[22m[2m │ gzip:   3.85 kB[22m[2m │ map:   148.76 kB[22m
[2m../../../AppData/Local/Temp/chromatic--16168-I0TajhWe4Rmx/[22m[36massets/Badge.stories-EHafS5Bn.js                                            [39m[1m[2m 12.71 kB[22m[1m[22m[2m │ gzip:   3.40 kB[22m[2m │ map:     2.04 kB[22m
[2m../../../AppData/Local/Temp/chromatic--16168-I0TajhWe4Rmx/[22m[36massets/emotion-react-jsx-runtime.browser.esm-8-gP4ms0.js                    [39m[1m[2m 17.55 kB[22m[1m[22m[2m │ gzip:   7.13 kB[22m[2m │ map:   106.94 kB[22m
[2m../../../AppData/Local/Temp/chromatic--16168-I0TajhWe4Rmx/[22m[36massets/Avatar.stories-zpjFE8tp.js                                           [39m[1m[2m 20.55 kB[22m[1m[22m[2m │ gzip:   5.21 kB[22m[2m │ map:    19.99 kB[22m
[2m../../../AppData/Local/Temp/chromatic--16168-I0TajhWe4Rmx/[22m[36massets/Link.stories-HWPzBbF_.js                                             [39m[1m[2m 23.66 kB[22m[1m[22m[2m │ gzip:   5.82 kB[22m[2m │ map:    23.14 kB[22m
[2m../../../AppData/Local/Temp/chromatic--16168-I0TajhWe4Rmx/[22m[36massets/Configure-QnRMUbUg.js                                                [39m[1m[2m 26.09 kB[22m[1m[22m[2m │ gzip:  11.18 kB[22m[2m │ map:    35.39 kB[22m
[2m../../../AppData/Local/Temp/chromatic--16168-I0TajhWe4Rmx/[22m[36massets/Color-6VNJS4EI-0OszRTHa.js                                           [39m[1m[2m 31.17 kB[22m[1m[22m[2m │ gzip:  11.84 kB[22m[2m │ map:   112.57 kB[22m
[2m../../../AppData/Local/Temp/chromatic--16168-I0TajhWe4Rmx/[22m[36massets/Button.stories-ew1ometM.js                                           [39m[1m[2m 47.28 kB[22m[1m[22m[2m │ gzip:   8.87 kB[22m[2m │ map:    40.04 kB[22m
[2m../../../AppData/Local/Temp/chromatic--16168-I0TajhWe4Rmx/[22m[36massets/preview-70qxeh8F.js                                                  [39m[1m[2m 72.12 kB[22m[1m[22m[2m │ gzip:  24.46 kB[22m[2m │ map:   238.42 kB[22m
[2m../../../AppData/Local/Temp/chromatic--16168-I0TajhWe4Rmx/[22m[36massets/index-MVbLLYTZ.js                                                    [39m[1m[2m 78.44 kB[22m[1m[22m[2m │ gzip:  23.59 kB[22m[2m │ map:   323.14 kB[22m
[2m../../../AppData/Local/Temp/chromatic--16168-I0TajhWe4Rmx/[22m[36massets/index-jmm5gWkb.js                                                    [39m[1m[2m134.10 kB[22m[1m[22m[2m │ gzip:  43.25 kB[22m[2m │ map:   328.79 kB[22m
[2m../../../AppData/Local/Temp/chromatic--16168-I0TajhWe4Rmx/[22m[36massets/Icon-_1MzMJb3.js                                                     [39m[1m[2m150.28 kB[22m[1m[22m[2m │ gzip:  55.10 kB[22m[2m │ map:   159.73 kB[22m
[2m../../../AppData/Local/Temp/chromatic--16168-I0TajhWe4Rmx/[22m[36massets/entry-preview-docs-RMOpgzk3.js                                       [39m[1m[2m212.48 kB[22m[1m[22m[2m │ gzip:  66.54 kB[22m[2m │ map:   800.16 kB[22m
[2m../../../AppData/Local/Temp/chromatic--16168-I0TajhWe4Rmx/[22m[36massets/index-OVw34ztr.js                                                    [39m[1m[33m527.77 kB[39m[22m[2m │ gzip: 172.71 kB[22m[2m │ map: 1,405.41 kB[22m
[2m../../../AppData/Local/Temp/chromatic--16168-I0TajhWe4Rmx/[22m[36massets/axe--MrEOhzv.js                                                      [39m[1m[33m556.46 kB[39m[22m[2m │ gzip: 152.96 kB[22m[2m │ map: 2,004.47 kB[22m
[2m../../../AppData/Local/Temp/chromatic--16168-I0TajhWe4Rmx/[22m[36massets/index-AGyVEKbs.js                                                    [39m[1m[33m559.58 kB[39m[22m[2m │ gzip: 148.33 kB[22m[2m │ map:   976.22 kB[22m
[2m../../../AppData/Local/Temp/chromatic--16168-I0TajhWe4Rmx/[22m[36massets/formatter-SWP5E3XI-2ewU6tQK.js                                       [39m[1m[33m601.74 kB[39m[22m[2m │ gzip: 186.30 kB[22m[2m │ map: 1,318.55 kB[22m
[33m
(!) Some chunks are larger than 500 kB after minification. Consider:
- Using dynamic import() to code-split the application
- Use build.rollupOptions.output.manualChunks to improve chunking: https://rollupjs.org/configuration-options/#output-manualchunks
- Adjust chunk size limit for this warning via build.chunkSizeWarningLimit.[39m
[32m✓ built in 15.00s[39m
info => Preview built (17 s)
info => Output directory: C:\Users\cecorrei\AppData\Local\Temp\chromatic--16168-I0TajhWe4Rmx
Done in 22.90s.
